e:\fakultet\grafika\projekat\imguiui\x64\debug\imguiui.pch
e:\fakultet\grafika\projekat\x64\debug\imguiui.pdb
e:\fakultet\grafika\projekat\x64\debug\imguiui.idb
e:\fakultet\grafika\projekat\imguiui\x64\debug\pch.obj
e:\fakultet\grafika\projekat\imguiui\x64\debug\windspeedslider.obj
e:\fakultet\grafika\projekat\imguiui\x64\debug\windspeeddata.obj
e:\fakultet\grafika\projekat\imguiui\x64\debug\windenergywindow.obj
e:\fakultet\grafika\projekat\imguiui\x64\debug\energydisplay.obj
e:\fakultet\grafika\projekat\imguiui\x64\debug\imgui_widgets.obj
e:\fakultet\grafika\projekat\imguiui\x64\debug\imgui_tables.obj
e:\fakultet\grafika\projekat\imguiui\x64\debug\imgui_impl_opengl3.obj
e:\fakultet\grafika\projekat\imguiui\x64\debug\imgui_impl_glfw.obj
e:\fakultet\grafika\projekat\imguiui\x64\debug\imgui_draw.obj
e:\fakultet\grafika\projekat\imguiui\x64\debug\imgui_demo.obj
e:\fakultet\grafika\projekat\imguiui\x64\debug\imgui.obj
e:\fakultet\grafika\projekat\imguiui\x64\debug\imguiui.obj
e:\fakultet\grafika\projekat\x64\debug\imguiui.lib
e:\fakultet\grafika\projekat\imguiui\x64\debug\imguiui.tlog\cl.command.1.tlog
e:\fakultet\grafika\projekat\imguiui\x64\debug\imguiui.tlog\cl.read.1.tlog
e:\fakultet\grafika\projekat\imguiui\x64\debug\imguiui.tlog\cl.write.1.tlog
e:\fakultet\grafika\projekat\imguiui\x64\debug\imguiui.tlog\lib-link.read.1.tlog
e:\fakultet\grafika\projekat\imguiui\x64\debug\imguiui.tlog\lib-link.write.1.tlog
e:\fakultet\grafika\projekat\imguiui\x64\debug\imguiui.tlog\lib.command.1.tlog
