e:\fakultet\grafika\projekat\consoleapplication1\x64\debug\vc142.pdb
e:\fakultet\grafika\projekat\consoleapplication1\x64\debug\vc142.idb
e:\fakultet\grafika\projekat\consoleapplication1\x64\debug\terraingenerator.obj
e:\fakultet\grafika\projekat\consoleapplication1\x64\debug\stb_image.obj
e:\fakultet\grafika\projekat\consoleapplication1\x64\debug\shader.obj
e:\fakultet\grafika\projekat\consoleapplication1\x64\debug\square.obj
e:\fakultet\grafika\projekat\consoleapplication1\x64\debug\rhombuspyramid.obj
e:\fakultet\grafika\projekat\consoleapplication1\x64\debug\verticesbase.obj
e:\fakultet\grafika\projekat\consoleapplication1\x64\debug\grassquad.obj
e:\fakultet\grafika\projekat\consoleapplication1\x64\debug\cone.obj
e:\fakultet\grafika\projekat\consoleapplication1\x64\debug\mainwindow.obj
e:\fakultet\grafika\projekat\consoleapplication1\x64\debug\logerrors.obj
e:\fakultet\grafika\projekat\consoleapplication1\x64\debug\keyboard.obj
e:\fakultet\grafika\projekat\consoleapplication1\x64\debug\texture.obj
e:\fakultet\grafika\projekat\consoleapplication1\x64\debug\mesh.obj
e:\fakultet\grafika\projekat\consoleapplication1\x64\debug\helperscpp.obj
e:\fakultet\grafika\projekat\consoleapplication1\x64\debug\camera.obj
e:\fakultet\grafika\projekat\consoleapplication1\x64\debug\windgenerator.obj
e:\fakultet\grafika\projekat\consoleapplication1\x64\debug\consoleapplication1.obj
e:\fakultet\grafika\projekat\consoleapplication1\x64\debug\consolea.6d9f6b2d.tlog\cl.command.1.tlog
e:\fakultet\grafika\projekat\consoleapplication1\x64\debug\consolea.6d9f6b2d.tlog\cl.read.1.tlog
e:\fakultet\grafika\projekat\consoleapplication1\x64\debug\consolea.6d9f6b2d.tlog\cl.write.1.tlog
